[I 2025-05-21 23:48:34,201] Trial 49 finished with value: 0.8333333134651184 and parameters: {'learning_rate': 0.0017108203386057095, 'filters1': 128, 'filters2': 192, 'filters3': 384, 'kernel_size': 5, 'dense1_units': 64, 'dense2_units': 64, 'dropout1': 0.24597566822289388, 'dropout2': 0.46223064660641877, 'batch_size': 64}. Best is trial 40 with value: 1.0.
Лучшие параметры, найденные Optuna:
learning_rate: 0.0001031548076602442
filters1: 32
filters2: 256
filters3: 384
kernel_size: 3
dense1_units: 64
dense2_units: 128
dropout1: 0.47647451076789765
dropout2: 0.13307339797123377
batch_size: 64
Epoch 1/100
1/1 [==============================] - 3s 3s/step - loss: 0.7781 - accuracy: 0.4038 - auc_50: 0.3141 - val_loss: 0.6832 - val_accuracy: 0.8333 - val_auc_50: 0.9444
Epoch 2/100
1/1 [==============================] - 0s 34ms/step - loss: 0.6990 - accuracy: 0.5962 - auc_50: 0.6508 - val_loss: 0.6803 - val_accuracy: 0.9167 - val_auc_50: 0.9630
Epoch 3/100
1/1 [==============================] - 0s 35ms/step - loss: 0.5278 - accuracy: 0.7692 - auc_50: 0.8852 - val_loss: 0.6776 - val_accuracy: 0.9167 - val_auc_50: 0.9630
Epoch 4/100
1/1 [==============================] - 0s 32ms/step - loss: 0.4964 - accuracy: 0.8077 - auc_50: 0.9062 - val_loss: 0.6759 - val_accuracy: 0.9167 - val_auc_50: 0.9630
Epoch 5/100
1/1 [==============================] - 0s 30ms/step - loss: 0.3923 - accuracy: 0.8654 - auc_50: 0.9562 - val_loss: 0.6741 - val_accuracy: 0.9167 - val_auc_50: 0.9630
Epoch 6/100
1/1 [==============================] - 0s 37ms/step - loss: 0.3690 - accuracy: 0.8654 - auc_50: 0.9656 - val_loss: 0.6723 - val_accuracy: 0.9167 - val_auc_50: 0.9444
Epoch 7/100
1/1 [==============================] - 0s 31ms/step - loss: 0.3070 - accuracy: 0.9038 - auc_50: 0.9867 - val_loss: 0.6717 - val_accuracy: 0.9167 - val_auc_50: 0.9444
Epoch 8/100
1/1 [==============================] - 0s 33ms/step - loss: 0.2419 - accuracy: 0.9038 - auc_50: 0.9867 - val_loss: 0.6714 - val_accuracy: 0.9167 - val_auc_50: 0.9444
Epoch 9/100
1/1 [==============================] - 0s 33ms/step - loss: 0.2765 - accuracy: 0.9231 - auc_50: 0.9641 - val_loss: 0.6711 - val_accuracy: 0.8333 - val_auc_50: 0.9444
Epoch 10/100
1/1 [==============================] - 0s 32ms/step - loss: 0.2544 - accuracy: 0.9231 - auc_50: 0.9844 - val_loss: 0.6704 - val_accuracy: 0.8333 - val_auc_50: 0.9259
Epoch 11/100
1/1 [==============================] - 0s 32ms/step - loss: 0.2489 - accuracy: 0.8846 - auc_50: 0.9719 - val_loss: 0.6695 - val_accuracy: 0.8333 - val_auc_50: 0.9259
Epoch 12/100
1/1 [==============================] - 0s 36ms/step - loss: 0.2067 - accuracy: 0.9231 - auc_50: 0.9797 - val_loss: 0.6684 - val_accuracy: 0.8333 - val_auc_50: 0.8889

Результаты модели с оптимизацией Optuna:
              precision    recall  f1-score   support

           0       1.00      0.56      0.71         9
           1       0.64      1.00      0.78         7

    accuracy                           0.75        16
   macro avg       0.82      0.78      0.75        16
weighted avg       0.84      0.75      0.74        16

Использование памяти: текущее = 21.07MB; пиковое = 41.93MB

Process finished with exit code 0